SF:lib/src/ht_data_api.dart
DA:19,1
DA:52,1
DA:55,2
DA:57,2
DA:58,2
DA:60,1
DA:62,3
DA:79,1
DA:82,2
DA:83,1
DA:84,2
DA:86,1
DA:88,3
DA:109,1
DA:115,1
DA:116,2
DA:117,1
DA:118,1
DA:120,2
DA:125,1
DA:127,2
DA:129,1
DA:131,1
DA:132,2
DA:134,1
DA:137,2
DA:164,1
DA:171,1
DA:172,2
DA:173,1
DA:174,1
DA:175,1
DA:177,2
DA:182,1
DA:184,2
DA:186,1
DA:188,1
DA:189,2
DA:191,1
DA:194,2
DA:218,1
DA:221,2
DA:222,1
DA:223,2
DA:224,2
DA:226,1
DA:228,3
DA:244,1
DA:248,2
DA:249,1
DA:250,2
LF:51
LH:51
end_of_record
