SF:lib/src/ht_data_api.dart
DA:19,1
DA:59,1
DA:65,1
DA:66,2
DA:67,1
DA:69,2
DA:71,2
DA:74,1
DA:76,3
DA:100,1
DA:106,1
DA:107,2
DA:108,1
DA:110,2
DA:111,1
DA:114,1
DA:116,3
DA:145,1
DA:152,1
DA:153,2
DA:154,1
DA:155,1
DA:156,1
DA:158,2
DA:163,1
DA:165,2
DA:167,1
DA:169,1
DA:170,2
DA:172,1
DA:173,2
DA:211,1
DA:219,1
DA:220,2
DA:221,1
DA:222,1
DA:223,1
DA:224,1
DA:226,2
DA:231,1
DA:233,2
DA:235,1
DA:237,1
DA:238,2
DA:240,1
DA:241,2
DA:273,1
DA:280,1
DA:281,2
DA:282,1
DA:284,2
DA:285,1
DA:286,2
DA:289,1
DA:291,3
DA:315,1
DA:322,1
DA:323,2
DA:324,1
DA:326,2
DA:327,1
LF:61
LH:61
end_of_record
